Flow report for SimpleCompArch
Tue Jan 26 00:23:38 2021
Quartus Prime Version 20.1.1 Build 720 11/11/2020 SJ Lite Edition


---------------------
; Table of Contents ;
---------------------
  1. Legal Notice
  2. Flow Summary
  3. Flow Settings
  4. Flow Non-Default Global Settings
  5. Flow Elapsed Time
  6. Flow OS Summary
  7. Flow Log
  8. Flow Messages
  9. Flow Suppressed Messages



----------------
; Legal Notice ;
----------------
Copyright (C) 2020  Intel Corporation. All rights reserved.
Your use of Intel Corporation's design tools, logic functions 
and other software and tools, and any partner logic 
functions, and any output files from any of the foregoing 
(including device programming or simulation files), and any 
associated documentation or information are expressly subject 
to the terms and conditions of the Intel Program License 
Subscription Agreement, the Intel Quartus Prime License Agreement,
the Intel FPGA IP License Agreement, or other applicable license
agreement, including, without limitation, that your use is for
the sole purpose of programming logic devices manufactured by
Intel and sold by Intel or its authorized distributors.  Please
refer to the applicable agreement for further details, at
https://fpgasoftware.intel.com/eula.



+----------------------------------------------------------------------------------+
; Flow Summary                                                                     ;
+------------------------------------+---------------------------------------------+
; Flow Status                        ; Successful - Tue Jan 26 00:23:38 2021       ;
; Quartus Prime Version              ; 20.1.1 Build 720 11/11/2020 SJ Lite Edition ;
; Revision Name                      ; SimpleCompArch                              ;
; Top-level Entity Name              ; SimpleCompArch                              ;
; Family                             ; Cyclone IV E                                ;
; Device                             ; EP4CE115F29C7                               ;
; Timing Models                      ; Final                                       ;
; Total logic elements               ; 5,520 / 114,480 ( 5 % )                     ;
;     Total combinational functions  ; 3,713 / 114,480 ( 3 % )                     ;
;     Dedicated logic registers      ; 4,463 / 114,480 ( 4 % )                     ;
; Total registers                    ; 4463                                        ;
; Total pins                         ; 97 / 529 ( 18 % )                           ;
; Total virtual pins                 ; 0                                           ;
; Total memory bits                  ; 0 / 3,981,312 ( 0 % )                       ;
; Embedded Multiplier 9-bit elements ; 0 / 532 ( 0 % )                             ;
; Total PLLs                         ; 0 / 4 ( 0 % )                               ;
+------------------------------------+---------------------------------------------+


+-----------------------------------------+
; Flow Settings                           ;
+-------------------+---------------------+
; Option            ; Setting             ;
+-------------------+---------------------+
; Start date & time ; 01/26/2021 00:22:10 ;
; Main task         ; Compilation         ;
; Revision Name     ; SimpleCompArch      ;
+-------------------+---------------------+


+----------------------------------------------------------------------------------------------------------------------------------------+
; Flow Non-Default Global Settings                                                                                                       ;
+------------------------------------------------+----------------------------------------+---------------+-------------+----------------+
; Assignment Name                                ; Value                                  ; Default Value ; Entity Name ; Section Id     ;
+------------------------------------------------+----------------------------------------+---------------+-------------+----------------+
; COMPILER_SIGNATURE_ID                          ; 172308994664635.161163493018982        ; --            ; --          ; --             ;
; EDA_GENERATE_FUNCTIONAL_NETLIST                ; On                                     ; --            ; --          ; eda_simulation ;
; EDA_NETLIST_WRITER_OUTPUT_DIR                  ; ./Simulation                           ; --            ; --          ; eda_simulation ;
; EDA_OUTPUT_DATA_FORMAT                         ; Vhdl                                   ; --            ; --          ; eda_simulation ;
; EDA_SIMULATION_TOOL                            ; ModelSim-Altera (VHDL)                 ; <None>        ; --          ; --             ;
; EDA_USER_COMPILED_SIMULATION_LIBRARY_DIRECTORY ; .\Simulation                           ; --            ; --          ; eda_simulation ;
; FITTER_EFFORT                                  ; Fast Fit                               ; Auto Fit      ; --          ; --             ;
; MAX_CORE_JUNCTION_TEMP                         ; 85                                     ; --            ; --          ; --             ;
; MIN_CORE_JUNCTION_TEMP                         ; 0                                      ; --            ; --          ; --             ;
; NUM_PARALLEL_PROCESSORS                        ; All                                    ; --            ; --          ; --             ;
; OUTPUT_IO_TIMING_FAR_END_VMEAS                 ; Half Signal Swing                      ; --            ; --          ; --             ;
; OUTPUT_IO_TIMING_FAR_END_VMEAS                 ; Half Signal Swing                      ; --            ; --          ; --             ;
; OUTPUT_IO_TIMING_NEAR_END_VMEAS                ; Half Vccio                             ; --            ; --          ; --             ;
; OUTPUT_IO_TIMING_NEAR_END_VMEAS                ; Half Vccio                             ; --            ; --          ; --             ;
; PARTITION_COLOR                                ; -- (Not supported for targeted family) ; --            ; --          ; Top            ;
; PARTITION_FITTER_PRESERVATION_LEVEL            ; -- (Not supported for targeted family) ; --            ; --          ; Top            ;
; PARTITION_NETLIST_TYPE                         ; -- (Not supported for targeted family) ; --            ; --          ; Top            ;
; POWER_BOARD_THERMAL_MODEL                      ; None (CONSERVATIVE)                    ; --            ; --          ; --             ;
; POWER_PRESET_COOLING_SOLUTION                  ; 23 MM HEAT SINK WITH 200 LFPM AIRFLOW  ; --            ; --          ; --             ;
; PROJECT_OUTPUT_DIRECTORY                       ; output_files                           ; --            ; --          ; --             ;
; SMART_RECOMPILE                                ; On                                     ; Off           ; --          ; --             ;
+------------------------------------------------+----------------------------------------+---------------+-------------+----------------+


+--------------------------------------------------------------------------------------------------------------------------+
; Flow Elapsed Time                                                                                                        ;
+----------------------+--------------+-------------------------+---------------------+------------------------------------+
; Module Name          ; Elapsed Time ; Average Processors Used ; Peak Virtual Memory ; Total CPU Time (on all processors) ;
+----------------------+--------------+-------------------------+---------------------+------------------------------------+
; Analysis & Synthesis ; 00:00:19     ; 1.0                     ; 473 MB              ; 00:00:32                           ;
; Fitter               ; 00:00:45     ; 1.1                     ; 1241 MB             ; 00:01:04                           ;
; Assembler            ; 00:00:03     ; 1.0                     ; 377 MB              ; 00:00:03                           ;
; Timing Analyzer      ; 00:00:05     ; 1.3                     ; 624 MB              ; 00:00:05                           ;
; EDA Netlist Writer   ; 00:00:01     ; 1.0                     ; 630 MB              ; 00:00:01                           ;
; EDA Netlist Writer   ; 00:00:00     ; 1.0                     ; 619 MB              ; 00:00:00                           ;
; EDA Netlist Writer   ; 00:00:01     ; 1.0                     ; 630 MB              ; 00:00:01                           ;
; Total                ; 00:01:14     ; --                      ; --                  ; 00:01:46                           ;
+----------------------+--------------+-------------------------+---------------------+------------------------------------+


+------------------------------------------------------------------------------------------+
; Flow OS Summary                                                                          ;
+----------------------+------------------+---------------+---------------+----------------+
; Module Name          ; Machine Hostname ; OS Name       ; OS Version    ; Processor type ;
+----------------------+------------------+---------------+---------------+----------------+
; Analysis & Synthesis ; Manjbox          ; Manjaro Linux ; Manjaro Linux ; x86_64         ;
; Fitter               ; Manjbox          ; Manjaro Linux ; Manjaro Linux ; x86_64         ;
; Assembler            ; Manjbox          ; Manjaro Linux ; Manjaro Linux ; x86_64         ;
; Timing Analyzer      ; Manjbox          ; Manjaro Linux ; Manjaro Linux ; x86_64         ;
; EDA Netlist Writer   ; Manjbox          ; Manjaro Linux ; Manjaro Linux ; x86_64         ;
; EDA Netlist Writer   ; Manjbox          ; Manjaro Linux ; Manjaro Linux ; x86_64         ;
; EDA Netlist Writer   ; Manjbox          ; Manjaro Linux ; Manjaro Linux ; x86_64         ;
+----------------------+------------------+---------------+---------------+----------------+


------------
; Flow Log ;
------------
quartus_map --read_settings_files=on --write_settings_files=off SimpleCompArch -c SimpleCompArch
quartus_fit --read_settings_files=off --write_settings_files=off SimpleCompArch -c SimpleCompArch
quartus_asm --read_settings_files=off --write_settings_files=off SimpleCompArch -c SimpleCompArch
quartus_sta SimpleCompArch -c SimpleCompArch
quartus_eda --read_settings_files=off --write_settings_files=off SimpleCompArch -c SimpleCompArch
quartus_eda --gen_testbench --tool=modelsim_oem --format=vhdl --write_settings_files=off SimpleCompArch -c SimpleCompArch --vector_source=/home/chris/Documents/Git_Repos/School/Winter2021/ECE4242/AS1/SimpleCompArch/SimSimpleCompArch.vwf --testbench_file=/home/chris/Documents/Git_Repos/School/Winter2021/ECE4242/AS1/SimpleCompArch/simulation/qsim/SimSimpleCompArch.vwf.vht
quartus_eda --write_settings_files=off --simulation=on --functional=on --flatten_buses=off --tool=modelsim_oem --format=vhdl --output_directory=/home/chris/Documents/Git_Repos/School/Winter2021/ECE4242/AS1/SimpleCompArch/simulation/qsim/ SimpleCompArch -c SimpleCompArch



